<?xml version="1.0" encoding="UTF-8"?>
<!-- Generated by org.testng.reporters.JUnitXMLReporter -->
<testsuite hostname="WINDOWS-QPGR7D9" ignored="0" name="EmployeesRestAPITest" tests="34" failures="1" timestamp="2019-11-03T20:53:35 IST" time="16.94" errors="0">
  <testcase name="CheckResponseBody" time="0.071" classname="com.employeeapi.testcases.TC001_Get_all_employees"/>
  <testcase name="checkContentEncoding" time="0.002" classname="com.employeeapi.testcases.TC001_Get_all_employees"/>
  <testcase name="checkContentLength" time="0.001" classname="com.employeeapi.testcases.TC001_Get_all_employees"/>
  <testcase name="checkContentType" time="0.001" classname="com.employeeapi.testcases.TC001_Get_all_employees"/>
  <testcase name="checkCookies" time="0.001" classname="com.employeeapi.testcases.TC001_Get_all_employees"/>
  <testcase name="checkResponseTime" time="0.001" classname="com.employeeapi.testcases.TC001_Get_all_employees"/>
  <testcase name="checkServerType" time="0.001" classname="com.employeeapi.testcases.TC001_Get_all_employees"/>
  <testcase name="checkStatusCode" time="0.002" classname="com.employeeapi.testcases.TC001_Get_all_employees"/>
  <testcase name="checkStatusLine" time="0.001" classname="com.employeeapi.testcases.TC001_Get_all_employees"/>
  <testcase name="checkContentLength" time="0.002" classname="com.employeeapi.testcases.TC002_Get_Single_Employee_Record"/>
  <testcase name="checkContentType" time="0.0" classname="com.employeeapi.testcases.TC002_Get_Single_Employee_Record"/>
  <testcase name="checkResponseBody" time="0.003" classname="com.employeeapi.testcases.TC002_Get_Single_Employee_Record">
    <failure type="java.lang.AssertionError" message="expected [true] but found [false]">
      <![CDATA[java.lang.AssertionError: expected [true] but found [false]
at com.employeeapi.testcases.TC002_Get_Single_Employee_Record.checkResponseBody(TC002_Get_Single_Employee_Record.java:50)
at java.util.ArrayList.forEach(ArrayList.java:1257)
... Removed 32 stack frames]]>
    </failure>
  </testcase> <!-- checkResponseBody -->
  <testcase name="checkResponseTime" time="0.001" classname="com.employeeapi.testcases.TC002_Get_Single_Employee_Record"/>
  <testcase name="checkServerType" time="0.002" classname="com.employeeapi.testcases.TC002_Get_Single_Employee_Record"/>
  <testcase name="checkStatusCode" time="0.001" classname="com.employeeapi.testcases.TC002_Get_Single_Employee_Record"/>
  <testcase name="checkStatusLine" time="0.001" classname="com.employeeapi.testcases.TC002_Get_Single_Employee_Record"/>
  <testcase name="checkContentType" time="0.009" classname="com.employeeapi.testcases.TC003_Post_Employee_record"/>
  <testcase name="checkResponseBody" time="0.011" classname="com.employeeapi.testcases.TC003_Post_Employee_record"/>
  <testcase name="checkStatusCode" time="0.006" classname="com.employeeapi.testcases.TC003_Post_Employee_record"/>
  <testcase name="checkcontentEncoding" time="0.0" classname="com.employeeapi.testcases.TC003_Post_Employee_record"/>
  <testcase name="checkserverType" time="0.0" classname="com.employeeapi.testcases.TC003_Post_Employee_record"/>
  <testcase name="checkstatusLine" time="0.0" classname="com.employeeapi.testcases.TC003_Post_Employee_record"/>
  <testcase name="checkContentType" time="0.002" classname="com.employeeapi.testcases.TC004_Put_Employee_Record"/>
  <testcase name="checkResposeBody" time="0.004" classname="com.employeeapi.testcases.TC004_Put_Employee_Record"/>
  <testcase name="checkStatusCode" time="0.002" classname="com.employeeapi.testcases.TC004_Put_Employee_Record"/>
  <testcase name="checkcontentEncoding" time="0.002" classname="com.employeeapi.testcases.TC004_Put_Employee_Record"/>
  <testcase name="checkserverType" time="0.0" classname="com.employeeapi.testcases.TC004_Put_Employee_Record"/>
  <testcase name="checkstatusLine" time="0.001" classname="com.employeeapi.testcases.TC004_Put_Employee_Record"/>
  <testcase name="checkContentType" time="0.005" classname="com.employeeapi.testcases.TC005_Delete_Employee_record"/>
  <testcase name="checkResponseBody" time="0.003" classname="com.employeeapi.testcases.TC005_Delete_Employee_record"/>
  <testcase name="checkStatusCode" time="0.003" classname="com.employeeapi.testcases.TC005_Delete_Employee_record"/>
  <testcase name="checkcontentEncoding" time="0.003" classname="com.employeeapi.testcases.TC005_Delete_Employee_record"/>
  <testcase name="checkserverType" time="0.002" classname="com.employeeapi.testcases.TC005_Delete_Employee_record"/>
  <testcase name="checkstatusLine" time="0.0" classname="com.employeeapi.testcases.TC005_Delete_Employee_record"/>
</testsuite> <!-- EmployeesRestAPITest -->
