<?xml version="1.0" encoding="UTF-8"?>
<testng-results skipped="0" failed="1" ignored="0" total="34" passed="33">
  <reporter-output>
  </reporter-output>
  <suite name="EmployeeRestAPISuite" duration-ms="16940" started-at="2019-11-03T20:53:18 IST" finished-at="2019-11-03T20:53:35 IST">
    <groups>
    </groups>
    <test name="EmployeesRestAPITest" duration-ms="16940" started-at="2019-11-03T20:53:18 IST" finished-at="2019-11-03T20:53:35 IST">
      <class name="com.employeeapi.testcases.TC004_Put_Employee_Record">
        <test-method status="PASS" signature="setup()[pri:0, instance:com.employeeapi.testcases.TC004_Put_Employee_Record@6321e813]" name="setup" is-config="true" duration-ms="3" started-at="2019-11-03T20:53:23 IST" finished-at="2019-11-03T20:53:23 IST">
          <reporter-output>
          </reporter-output>
        </test-method> <!-- setup -->
        <test-method status="PASS" signature="updateEmployee()[pri:0, instance:com.employeeapi.testcases.TC004_Put_Employee_Record@6321e813]" name="updateEmployee" is-config="true" duration-ms="5818" started-at="2019-11-03T20:53:23 IST" finished-at="2019-11-03T20:53:29 IST">
          <reporter-output>
          </reporter-output>
        </test-method> <!-- updateEmployee -->
        <test-method status="PASS" signature="checkContentType()[pri:0, instance:com.employeeapi.testcases.TC004_Put_Employee_Record@6321e813]" name="checkContentType" duration-ms="2" started-at="2019-11-03T20:53:29 IST" finished-at="2019-11-03T20:53:29 IST">
          <reporter-output>
          </reporter-output>
        </test-method> <!-- checkContentType -->
        <test-method status="PASS" signature="checkResposeBody()[pri:0, instance:com.employeeapi.testcases.TC004_Put_Employee_Record@6321e813]" name="checkResposeBody" duration-ms="4" started-at="2019-11-03T20:53:29 IST" finished-at="2019-11-03T20:53:29 IST">
          <reporter-output>
          </reporter-output>
        </test-method> <!-- checkResposeBody -->
        <test-method status="PASS" signature="checkStatusCode()[pri:0, instance:com.employeeapi.testcases.TC004_Put_Employee_Record@6321e813]" name="checkStatusCode" duration-ms="2" started-at="2019-11-03T20:53:29 IST" finished-at="2019-11-03T20:53:29 IST">
          <reporter-output>
          </reporter-output>
        </test-method> <!-- checkStatusCode -->
        <test-method status="PASS" signature="checkcontentEncoding()[pri:0, instance:com.employeeapi.testcases.TC004_Put_Employee_Record@6321e813]" name="checkcontentEncoding" duration-ms="2" started-at="2019-11-03T20:53:29 IST" finished-at="2019-11-03T20:53:29 IST">
          <reporter-output>
          </reporter-output>
        </test-method> <!-- checkcontentEncoding -->
        <test-method status="PASS" signature="checkserverType()[pri:0, instance:com.employeeapi.testcases.TC004_Put_Employee_Record@6321e813]" name="checkserverType" duration-ms="0" started-at="2019-11-03T20:53:29 IST" finished-at="2019-11-03T20:53:29 IST">
          <reporter-output>
          </reporter-output>
        </test-method> <!-- checkserverType -->
        <test-method status="PASS" signature="checkstatusLine()[pri:0, instance:com.employeeapi.testcases.TC004_Put_Employee_Record@6321e813]" name="checkstatusLine" duration-ms="1" started-at="2019-11-03T20:53:29 IST" finished-at="2019-11-03T20:53:29 IST">
          <reporter-output>
          </reporter-output>
        </test-method> <!-- checkstatusLine -->
        <test-method status="PASS" signature="tearDown()[pri:0, instance:com.employeeapi.testcases.TC004_Put_Employee_Record@6321e813]" name="tearDown" is-config="true" duration-ms="0" started-at="2019-11-03T20:53:29 IST" finished-at="2019-11-03T20:53:29 IST">
          <reporter-output>
          </reporter-output>
        </test-method> <!-- tearDown -->
      </class> <!-- com.employeeapi.testcases.TC004_Put_Employee_Record -->
      <class name="com.employeeapi.testcases.TC002_Get_Single_Employee_Record">
        <test-method status="PASS" signature="setup()[pri:0, instance:com.employeeapi.testcases.TC002_Get_Single_Employee_Record@4973813a]" name="setup" is-config="true" duration-ms="2" started-at="2019-11-03T20:53:22 IST" finished-at="2019-11-03T20:53:22 IST">
          <reporter-output>
          </reporter-output>
        </test-method> <!-- setup -->
        <test-method status="PASS" signature="getEmployeeData()[pri:0, instance:com.employeeapi.testcases.TC002_Get_Single_Employee_Record@4973813a]" name="getEmployeeData" is-config="true" duration-ms="883" started-at="2019-11-03T20:53:22 IST" finished-at="2019-11-03T20:53:23 IST">
          <reporter-output>
          </reporter-output>
        </test-method> <!-- getEmployeeData -->
        <test-method status="PASS" signature="checkContentLength()[pri:0, instance:com.employeeapi.testcases.TC002_Get_Single_Employee_Record@4973813a]" name="checkContentLength" duration-ms="2" started-at="2019-11-03T20:53:23 IST" finished-at="2019-11-03T20:53:23 IST">
          <reporter-output>
          </reporter-output>
        </test-method> <!-- checkContentLength -->
        <test-method status="PASS" signature="checkContentType()[pri:0, instance:com.employeeapi.testcases.TC002_Get_Single_Employee_Record@4973813a]" name="checkContentType" duration-ms="0" started-at="2019-11-03T20:53:23 IST" finished-at="2019-11-03T20:53:23 IST">
          <reporter-output>
          </reporter-output>
        </test-method> <!-- checkContentType -->
        <test-method status="FAIL" signature="checkResponseBody()[pri:0, instance:com.employeeapi.testcases.TC002_Get_Single_Employee_Record@4973813a]" name="checkResponseBody" duration-ms="3" started-at="2019-11-03T20:53:23 IST" finished-at="2019-11-03T20:53:23 IST">
          <exception class="java.lang.AssertionError">
            <message>
              <![CDATA[expected [true] but found [false]]]>
            </message>
            <full-stacktrace>
              <![CDATA[java.lang.AssertionError: expected [true] but found [false]
at org.testng.Assert.fail(Assert.java:97)
at org.testng.Assert.assertEqualsImpl(Assert.java:136)
at org.testng.Assert.assertEquals(Assert.java:118)
at org.testng.Assert.assertEquals(Assert.java:751)
at org.testng.Assert.assertEquals(Assert.java:761)
at com.employeeapi.testcases.TC002_Get_Single_Employee_Record.checkResponseBody(TC002_Get_Single_Employee_Record.java:50)
at sun.reflect.NativeMethodAccessorImpl.invoke0(Native Method)
at sun.reflect.NativeMethodAccessorImpl.invoke(NativeMethodAccessorImpl.java:62)
at sun.reflect.DelegatingMethodAccessorImpl.invoke(DelegatingMethodAccessorImpl.java:43)
at java.lang.reflect.Method.invoke(Method.java:498)
at org.testng.internal.MethodInvocationHelper.invokeMethod(MethodInvocationHelper.java:133)
at org.testng.internal.TestInvoker.invokeMethod(TestInvoker.java:584)
at org.testng.internal.TestInvoker.invokeTestMethod(TestInvoker.java:172)
at org.testng.internal.MethodRunner.runInSequence(MethodRunner.java:46)
at org.testng.internal.TestInvoker$MethodInvocationAgent.invoke(TestInvoker.java:804)
at org.testng.internal.TestInvoker.invokeTestMethods(TestInvoker.java:145)
at org.testng.internal.TestMethodWorker.invokeTestMethods(TestMethodWorker.java:146)
at org.testng.internal.TestMethodWorker.run(TestMethodWorker.java:128)
at java.util.ArrayList.forEach(ArrayList.java:1257)
at org.testng.TestRunner.privateRun(TestRunner.java:770)
at org.testng.TestRunner.run(TestRunner.java:591)
at org.testng.SuiteRunner.runTest(SuiteRunner.java:402)
at org.testng.SuiteRunner.runSequentially(SuiteRunner.java:396)
at org.testng.SuiteRunner.privateRun(SuiteRunner.java:355)
at org.testng.SuiteRunner.run(SuiteRunner.java:304)
at org.testng.SuiteRunnerWorker.runSuite(SuiteRunnerWorker.java:53)
at org.testng.SuiteRunnerWorker.run(SuiteRunnerWorker.java:96)
at org.testng.TestNG.runSuitesSequentially(TestNG.java:1180)
at org.testng.TestNG.runSuitesLocally(TestNG.java:1102)
at org.testng.TestNG.runSuites(TestNG.java:1032)
at org.testng.TestNG.run(TestNG.java:1000)
at org.testng.remote.AbstractRemoteTestNG.run(AbstractRemoteTestNG.java:115)
at org.testng.remote.RemoteTestNG.initAndRun(RemoteTestNG.java:251)
at org.testng.remote.RemoteTestNG.main(RemoteTestNG.java:77)
]]>
            </full-stacktrace>
          </exception> <!-- java.lang.AssertionError -->
          <reporter-output>
          </reporter-output>
        </test-method> <!-- checkResponseBody -->
        <test-method status="PASS" signature="checkResponseTime()[pri:0, instance:com.employeeapi.testcases.TC002_Get_Single_Employee_Record@4973813a]" name="checkResponseTime" duration-ms="1" started-at="2019-11-03T20:53:23 IST" finished-at="2019-11-03T20:53:23 IST">
          <reporter-output>
          </reporter-output>
        </test-method> <!-- checkResponseTime -->
        <test-method status="PASS" signature="checkServerType()[pri:0, instance:com.employeeapi.testcases.TC002_Get_Single_Employee_Record@4973813a]" name="checkServerType" duration-ms="2" started-at="2019-11-03T20:53:23 IST" finished-at="2019-11-03T20:53:23 IST">
          <reporter-output>
          </reporter-output>
        </test-method> <!-- checkServerType -->
        <test-method status="PASS" signature="checkStatusCode()[pri:0, instance:com.employeeapi.testcases.TC002_Get_Single_Employee_Record@4973813a]" name="checkStatusCode" duration-ms="1" started-at="2019-11-03T20:53:23 IST" finished-at="2019-11-03T20:53:23 IST">
          <reporter-output>
          </reporter-output>
        </test-method> <!-- checkStatusCode -->
        <test-method status="PASS" signature="checkStatusLine()[pri:0, instance:com.employeeapi.testcases.TC002_Get_Single_Employee_Record@4973813a]" name="checkStatusLine" duration-ms="1" started-at="2019-11-03T20:53:23 IST" finished-at="2019-11-03T20:53:23 IST">
          <reporter-output>
          </reporter-output>
        </test-method> <!-- checkStatusLine -->
        <test-method status="PASS" signature="teardown()[pri:0, instance:com.employeeapi.testcases.TC002_Get_Single_Employee_Record@4973813a]" name="teardown" is-config="true" duration-ms="1" started-at="2019-11-03T20:53:23 IST" finished-at="2019-11-03T20:53:23 IST">
          <reporter-output>
          </reporter-output>
        </test-method> <!-- teardown -->
      </class> <!-- com.employeeapi.testcases.TC002_Get_Single_Employee_Record -->
      <class name="com.employeeapi.testcases.TC003_Post_Employee_record">
        <test-method status="PASS" signature="createEmployee()[pri:0, instance:com.employeeapi.testcases.TC003_Post_Employee_record@cd2dae5]" name="createEmployee" is-config="true" duration-ms="2020" started-at="2019-11-03T20:53:18 IST" finished-at="2019-11-03T20:53:21 IST">
          <reporter-output>
          </reporter-output>
        </test-method> <!-- createEmployee -->
        <test-method status="PASS" signature="setup()[pri:0, instance:com.employeeapi.testcases.TC003_Post_Employee_record@cd2dae5]" name="setup" is-config="true" duration-ms="35" started-at="2019-11-03T20:53:23 IST" finished-at="2019-11-03T20:53:23 IST">
          <reporter-output>
          </reporter-output>
        </test-method> <!-- setup -->
        <test-method status="PASS" signature="checkContentType()[pri:0, instance:com.employeeapi.testcases.TC003_Post_Employee_record@cd2dae5]" name="checkContentType" duration-ms="9" started-at="2019-11-03T20:53:23 IST" finished-at="2019-11-03T20:53:23 IST">
          <reporter-output>
          </reporter-output>
        </test-method> <!-- checkContentType -->
        <test-method status="PASS" signature="checkResponseBody()[pri:0, instance:com.employeeapi.testcases.TC003_Post_Employee_record@cd2dae5]" name="checkResponseBody" duration-ms="11" started-at="2019-11-03T20:53:23 IST" finished-at="2019-11-03T20:53:23 IST">
          <reporter-output>
          </reporter-output>
        </test-method> <!-- checkResponseBody -->
        <test-method status="PASS" signature="checkStatusCode()[pri:0, instance:com.employeeapi.testcases.TC003_Post_Employee_record@cd2dae5]" name="checkStatusCode" duration-ms="6" started-at="2019-11-03T20:53:23 IST" finished-at="2019-11-03T20:53:23 IST">
          <reporter-output>
          </reporter-output>
        </test-method> <!-- checkStatusCode -->
        <test-method status="PASS" signature="checkcontentEncoding()[pri:0, instance:com.employeeapi.testcases.TC003_Post_Employee_record@cd2dae5]" name="checkcontentEncoding" duration-ms="0" started-at="2019-11-03T20:53:23 IST" finished-at="2019-11-03T20:53:23 IST">
          <reporter-output>
          </reporter-output>
        </test-method> <!-- checkcontentEncoding -->
        <test-method status="PASS" signature="checkserverType()[pri:0, instance:com.employeeapi.testcases.TC003_Post_Employee_record@cd2dae5]" name="checkserverType" duration-ms="0" started-at="2019-11-03T20:53:23 IST" finished-at="2019-11-03T20:53:23 IST">
          <reporter-output>
          </reporter-output>
        </test-method> <!-- checkserverType -->
        <test-method status="PASS" signature="checkstatusLine()[pri:0, instance:com.employeeapi.testcases.TC003_Post_Employee_record@cd2dae5]" name="checkstatusLine" duration-ms="0" started-at="2019-11-03T20:53:23 IST" finished-at="2019-11-03T20:53:23 IST">
          <reporter-output>
          </reporter-output>
        </test-method> <!-- checkstatusLine -->
        <test-method status="PASS" signature="tearDown()[pri:0, instance:com.employeeapi.testcases.TC003_Post_Employee_record@cd2dae5]" name="tearDown" is-config="true" duration-ms="0" started-at="2019-11-03T20:53:23 IST" finished-at="2019-11-03T20:53:23 IST">
          <reporter-output>
          </reporter-output>
        </test-method> <!-- tearDown -->
      </class> <!-- com.employeeapi.testcases.TC003_Post_Employee_record -->
      <class name="com.employeeapi.testcases.TC001_Get_all_employees">
        <test-method status="PASS" signature="setup()[pri:0, instance:com.employeeapi.testcases.TC001_Get_all_employees@3a883ce7]" name="setup" is-config="true" duration-ms="19" started-at="2019-11-03T20:53:21 IST" finished-at="2019-11-03T20:53:21 IST">
          <reporter-output>
          </reporter-output>
        </test-method> <!-- setup -->
        <test-method status="PASS" signature="getallEmployees()[pri:0, instance:com.employeeapi.testcases.TC001_Get_all_employees@3a883ce7]" name="getallEmployees" is-config="true" duration-ms="1118" started-at="2019-11-03T20:53:21 IST" finished-at="2019-11-03T20:53:22 IST">
          <reporter-output>
          </reporter-output>
        </test-method> <!-- getallEmployees -->
        <test-method status="PASS" signature="CheckResponseBody()[pri:0, instance:com.employeeapi.testcases.TC001_Get_all_employees@3a883ce7]" name="CheckResponseBody" duration-ms="71" started-at="2019-11-03T20:53:22 IST" finished-at="2019-11-03T20:53:22 IST">
          <reporter-output>
          </reporter-output>
        </test-method> <!-- CheckResponseBody -->
        <test-method status="PASS" signature="checkContentEncoding()[pri:0, instance:com.employeeapi.testcases.TC001_Get_all_employees@3a883ce7]" name="checkContentEncoding" duration-ms="2" started-at="2019-11-03T20:53:22 IST" finished-at="2019-11-03T20:53:22 IST">
          <reporter-output>
          </reporter-output>
        </test-method> <!-- checkContentEncoding -->
        <test-method status="PASS" signature="checkContentLength()[pri:0, instance:com.employeeapi.testcases.TC001_Get_all_employees@3a883ce7]" name="checkContentLength" duration-ms="1" started-at="2019-11-03T20:53:22 IST" finished-at="2019-11-03T20:53:22 IST">
          <reporter-output>
          </reporter-output>
        </test-method> <!-- checkContentLength -->
        <test-method status="PASS" signature="checkContentType()[pri:0, instance:com.employeeapi.testcases.TC001_Get_all_employees@3a883ce7]" name="checkContentType" duration-ms="1" started-at="2019-11-03T20:53:22 IST" finished-at="2019-11-03T20:53:22 IST">
          <reporter-output>
          </reporter-output>
        </test-method> <!-- checkContentType -->
        <test-method status="PASS" signature="checkCookies()[pri:0, instance:com.employeeapi.testcases.TC001_Get_all_employees@3a883ce7]" name="checkCookies" duration-ms="1" started-at="2019-11-03T20:53:22 IST" finished-at="2019-11-03T20:53:22 IST">
          <reporter-output>
          </reporter-output>
        </test-method> <!-- checkCookies -->
        <test-method status="PASS" signature="checkResponseTime()[pri:0, instance:com.employeeapi.testcases.TC001_Get_all_employees@3a883ce7]" name="checkResponseTime" duration-ms="1" started-at="2019-11-03T20:53:22 IST" finished-at="2019-11-03T20:53:22 IST">
          <reporter-output>
          </reporter-output>
        </test-method> <!-- checkResponseTime -->
        <test-method status="PASS" signature="checkServerType()[pri:0, instance:com.employeeapi.testcases.TC001_Get_all_employees@3a883ce7]" name="checkServerType" duration-ms="1" started-at="2019-11-03T20:53:22 IST" finished-at="2019-11-03T20:53:22 IST">
          <reporter-output>
          </reporter-output>
        </test-method> <!-- checkServerType -->
        <test-method status="PASS" signature="checkStatusCode()[pri:0, instance:com.employeeapi.testcases.TC001_Get_all_employees@3a883ce7]" name="checkStatusCode" duration-ms="2" started-at="2019-11-03T20:53:22 IST" finished-at="2019-11-03T20:53:22 IST">
          <reporter-output>
          </reporter-output>
        </test-method> <!-- checkStatusCode -->
        <test-method status="PASS" signature="checkStatusLine()[pri:0, instance:com.employeeapi.testcases.TC001_Get_all_employees@3a883ce7]" name="checkStatusLine" duration-ms="1" started-at="2019-11-03T20:53:22 IST" finished-at="2019-11-03T20:53:22 IST">
          <reporter-output>
          </reporter-output>
        </test-method> <!-- checkStatusLine -->
        <test-method status="PASS" signature="teardown()[pri:0, instance:com.employeeapi.testcases.TC001_Get_all_employees@3a883ce7]" name="teardown" is-config="true" duration-ms="0" started-at="2019-11-03T20:53:22 IST" finished-at="2019-11-03T20:53:22 IST">
          <reporter-output>
          </reporter-output>
        </test-method> <!-- teardown -->
      </class> <!-- com.employeeapi.testcases.TC001_Get_all_employees -->
      <class name="com.employeeapi.testcases.TC005_Delete_Employee_record">
        <test-method status="PASS" signature="setup()[pri:0, instance:com.employeeapi.testcases.TC005_Delete_Employee_record@79be0360]" name="setup" is-config="true" duration-ms="6" started-at="2019-11-03T20:53:29 IST" finished-at="2019-11-03T20:53:29 IST">
          <reporter-output>
          </reporter-output>
        </test-method> <!-- setup -->
        <test-method status="PASS" signature="deleteEmployee()[pri:0, instance:com.employeeapi.testcases.TC005_Delete_Employee_record@79be0360]" name="deleteEmployee" is-config="true" duration-ms="6649" started-at="2019-11-03T20:53:29 IST" finished-at="2019-11-03T20:53:35 IST">
          <reporter-output>
          </reporter-output>
        </test-method> <!-- deleteEmployee -->
        <test-method status="PASS" signature="checkContentType()[pri:0, instance:com.employeeapi.testcases.TC005_Delete_Employee_record@79be0360]" name="checkContentType" duration-ms="5" started-at="2019-11-03T20:53:35 IST" finished-at="2019-11-03T20:53:35 IST">
          <reporter-output>
          </reporter-output>
        </test-method> <!-- checkContentType -->
        <test-method status="PASS" signature="checkResponseBody()[pri:0, instance:com.employeeapi.testcases.TC005_Delete_Employee_record@79be0360]" name="checkResponseBody" duration-ms="3" started-at="2019-11-03T20:53:35 IST" finished-at="2019-11-03T20:53:35 IST">
          <reporter-output>
          </reporter-output>
        </test-method> <!-- checkResponseBody -->
        <test-method status="PASS" signature="checkStatusCode()[pri:0, instance:com.employeeapi.testcases.TC005_Delete_Employee_record@79be0360]" name="checkStatusCode" duration-ms="3" started-at="2019-11-03T20:53:35 IST" finished-at="2019-11-03T20:53:35 IST">
          <reporter-output>
          </reporter-output>
        </test-method> <!-- checkStatusCode -->
        <test-method status="PASS" signature="checkcontentEncoding()[pri:0, instance:com.employeeapi.testcases.TC005_Delete_Employee_record@79be0360]" name="checkcontentEncoding" duration-ms="3" started-at="2019-11-03T20:53:35 IST" finished-at="2019-11-03T20:53:35 IST">
          <reporter-output>
          </reporter-output>
        </test-method> <!-- checkcontentEncoding -->
        <test-method status="PASS" signature="checkserverType()[pri:0, instance:com.employeeapi.testcases.TC005_Delete_Employee_record@79be0360]" name="checkserverType" duration-ms="2" started-at="2019-11-03T20:53:35 IST" finished-at="2019-11-03T20:53:35 IST">
          <reporter-output>
          </reporter-output>
        </test-method> <!-- checkserverType -->
        <test-method status="PASS" signature="checkstatusLine()[pri:0, instance:com.employeeapi.testcases.TC005_Delete_Employee_record@79be0360]" name="checkstatusLine" duration-ms="0" started-at="2019-11-03T20:53:35 IST" finished-at="2019-11-03T20:53:35 IST">
          <reporter-output>
          </reporter-output>
        </test-method> <!-- checkstatusLine -->
        <test-method status="PASS" signature="tearDown()[pri:0, instance:com.employeeapi.testcases.TC005_Delete_Employee_record@79be0360]" name="tearDown" is-config="true" duration-ms="1" started-at="2019-11-03T20:53:35 IST" finished-at="2019-11-03T20:53:35 IST">
          <reporter-output>
          </reporter-output>
        </test-method> <!-- tearDown -->
      </class> <!-- com.employeeapi.testcases.TC005_Delete_Employee_record -->
    </test> <!-- EmployeesRestAPITest -->
  </suite> <!-- EmployeeRestAPISuite -->
</testng-results>
