<?xml version="1.0" encoding="UTF-8"?>
<!-- Generated by org.testng.reporters.JUnitXMLReporter -->
<testsuite hostname="WINDOWS-QPGR7D9" ignored="0" name="EmployeesRestAPITest" tests="34" failures="0" timestamp="2019-11-03T21:03:41 IST" time="15.605" errors="0">
  <testcase name="CheckResponseBody" time="0.086" classname="com.employeeapi.testcases.TC001_Get_all_employees"/>
  <testcase name="checkContentEncoding" time="0.0" classname="com.employeeapi.testcases.TC001_Get_all_employees"/>
  <testcase name="checkContentLength" time="0.0" classname="com.employeeapi.testcases.TC001_Get_all_employees"/>
  <testcase name="checkContentType" time="0.014" classname="com.employeeapi.testcases.TC001_Get_all_employees"/>
  <testcase name="checkCookies" time="0.001" classname="com.employeeapi.testcases.TC001_Get_all_employees"/>
  <testcase name="checkResponseTime" time="0.005" classname="com.employeeapi.testcases.TC001_Get_all_employees"/>
  <testcase name="checkServerType" time="0.001" classname="com.employeeapi.testcases.TC001_Get_all_employees"/>
  <testcase name="checkStatusCode" time="0.003" classname="com.employeeapi.testcases.TC001_Get_all_employees"/>
  <testcase name="checkStatusLine" time="0.002" classname="com.employeeapi.testcases.TC001_Get_all_employees"/>
  <testcase name="checkContentLength" time="0.001" classname="com.employeeapi.testcases.TC002_Get_Single_Employee_Record"/>
  <testcase name="checkContentType" time="0.0" classname="com.employeeapi.testcases.TC002_Get_Single_Employee_Record"/>
  <testcase name="checkResponseBody" time="0.001" classname="com.employeeapi.testcases.TC002_Get_Single_Employee_Record"/>
  <testcase name="checkResponseTime" time="0.0" classname="com.employeeapi.testcases.TC002_Get_Single_Employee_Record"/>
  <testcase name="checkServerType" time="0.0" classname="com.employeeapi.testcases.TC002_Get_Single_Employee_Record"/>
  <testcase name="checkStatusCode" time="0.0" classname="com.employeeapi.testcases.TC002_Get_Single_Employee_Record"/>
  <testcase name="checkStatusLine" time="0.0" classname="com.employeeapi.testcases.TC002_Get_Single_Employee_Record"/>
  <testcase name="checkContentType" time="0.0" classname="com.employeeapi.testcases.TC003_Post_Employee_record"/>
  <testcase name="checkResponseBody" time="0.001" classname="com.employeeapi.testcases.TC003_Post_Employee_record"/>
  <testcase name="checkStatusCode" time="0.0" classname="com.employeeapi.testcases.TC003_Post_Employee_record"/>
  <testcase name="checkcontentEncoding" time="0.001" classname="com.employeeapi.testcases.TC003_Post_Employee_record"/>
  <testcase name="checkserverType" time="0.0" classname="com.employeeapi.testcases.TC003_Post_Employee_record"/>
  <testcase name="checkstatusLine" time="0.0" classname="com.employeeapi.testcases.TC003_Post_Employee_record"/>
  <testcase name="checkContentType" time="0.001" classname="com.employeeapi.testcases.TC004_Put_Employee_Record"/>
  <testcase name="checkResposeBody" time="0.002" classname="com.employeeapi.testcases.TC004_Put_Employee_Record"/>
  <testcase name="checkStatusCode" time="0.0" classname="com.employeeapi.testcases.TC004_Put_Employee_Record"/>
  <testcase name="checkcontentEncoding" time="0.001" classname="com.employeeapi.testcases.TC004_Put_Employee_Record"/>
  <testcase name="checkserverType" time="0.0" classname="com.employeeapi.testcases.TC004_Put_Employee_Record"/>
  <testcase name="checkstatusLine" time="0.0" classname="com.employeeapi.testcases.TC004_Put_Employee_Record"/>
  <testcase name="checkContentType" time="0.003" classname="com.employeeapi.testcases.TC005_Delete_Employee_record"/>
  <testcase name="checkResponseBody" time="0.004" classname="com.employeeapi.testcases.TC005_Delete_Employee_record"/>
  <testcase name="checkStatusCode" time="0.003" classname="com.employeeapi.testcases.TC005_Delete_Employee_record"/>
  <testcase name="checkcontentEncoding" time="0.003" classname="com.employeeapi.testcases.TC005_Delete_Employee_record"/>
  <testcase name="checkserverType" time="0.003" classname="com.employeeapi.testcases.TC005_Delete_Employee_record"/>
  <testcase name="checkstatusLine" time="0.002" classname="com.employeeapi.testcases.TC005_Delete_Employee_record"/>
</testsuite> <!-- EmployeesRestAPITest -->
